01 Nov 02:47:20 | 1 repeats | System error: Smarty error: [in /var/www/u2273289/data/www/heidenbauer.ru/templates/realty_map/tpl/footer_data.tpl line 17]: syntax error: unrecognized tag: m[i]=m[i]function(){(m[i].a=m[i].a[]).push(arguments) (Smarty_Compiler.class.php, line 451) on line# 1100 (file: /libs/smarty/Smarty.class.php)
01 Nov 02:47:20 | 1 repeats | System error: Smarty error: [in /var/www/u2273289/data/www/heidenbauer.ru/templates/realty_map/tpl/footer_data.tpl line 17]: syntax error: unrecognized tag '' (Smarty_Compiler.class.php, line 595) on line# 1100 (file: /libs/smarty/Smarty.class.php)
01 Nov 02:47:20 | 1 repeats | System error: Smarty error: [in /var/www/u2273289/data/www/heidenbauer.ru/templates/realty_map/tpl/footer_data.tpl line 19]: syntax error: unidentified token '.scripts[j].src' (Smarty_Compiler.class.php, line 1421) on line# 1100 (file: /libs/smarty/Smarty.class.php)
01 Nov 02:47:20 | 1 repeats | System error: Smarty error: [in /var/www/u2273289/data/www/heidenbauer.ru/templates/realty_map/tpl/footer_data.tpl line 19]: syntax error: unidentified token '{' (Smarty_Compiler.class.php, line 1421) on line# 1100 (file: /libs/smarty/Smarty.class.php)
01 Nov 02:47:20 | 1 repeats | System error: Smarty error: [in /var/www/u2273289/data/www/heidenbauer.ru/templates/realty_map/tpl/footer_data.tpl line 19]: syntax error: unidentified token ';' (Smarty_Compiler.class.php, line 1421) on line# 1100 (file: /libs/smarty/Smarty.class.php)
01 Nov 02:47:20 | 1 repeats | System error: Smarty error: [in /var/www/u2273289/data/www/heidenbauer.ru/templates/realty_map/tpl/footer_data.tpl line 23]: syntax error: unrecognized tag: clickmap:true,
        trackLinks:true,
        accurateTrackBounce:true,
        webvisor:true (Smarty_Compiler.class.php, line 451) on line# 1100 (file: /libs/smarty/Smarty.class.php)
01 Nov 02:47:20 | 1 repeats | System error: Smarty error: [in /var/www/u2273289/data/www/heidenbauer.ru/templates/realty_map/tpl/footer_data.tpl line 23]: syntax error: unrecognized tag '' (Smarty_Compiler.class.php, line 595) on line# 1100 (file: /libs/smarty/Smarty.class.php)
01 Nov 02:47:20 | 1 repeats | System error: Smarty error: [in /var/www/u2273289/data/www/heidenbauer.ru/templates/realty_map/tpl/footer_data.tpl line 26]: syntax error: unclosed tag \{if} (opened line 19). (Smarty_Compiler.class.php, line 314) on line# 1100 (file: /libs/smarty/Smarty.class.php)
02 Nov 11:18:44 | 1 repeats | Mysql Error: You have an error in your SQL syntax; check the manual that corresponds to your MySQL server version for the right syntax to use near 'AND `Type` = 'picture'
                 LIMIT 1' at line 3 on line# 665 (file: /includes/classes/AddListing.php)
06 Nov 01:27:36 | 1 repeats | System error: Smarty error: [in evaluated template line 9]: syntax error: unrecognized tag: clickmap:true,
        trackLinks:true,
        accurateTrackBounce:true,
        webvisor:true (Smarty_Compiler.class.php, line 451) on line# 1100 (file: /libs/smarty/Smarty.class.php)
06 Nov 01:27:51 | 2 repeats | System error: Smarty error: [in evaluated template line 3]: syntax error: unrecognized tag: m[i]=m[i]function(){(m[i].a=m[i].a[]).push(arguments) (Smarty_Compiler.class.php, line 451) on line# 1100 (file: /libs/smarty/Smarty.class.php)
06 Nov 01:27:51 | 2 repeats | System error: Smarty error: [in evaluated template line 3]: syntax error: unrecognized tag '' (Smarty_Compiler.class.php, line 595) on line# 1100 (file: /libs/smarty/Smarty.class.php)
06 Nov 01:27:51 | 2 repeats | System error: Smarty error: [in evaluated template line 5]: syntax error: unidentified token '.scripts[j].src' (Smarty_Compiler.class.php, line 1421) on line# 1100 (file: /libs/smarty/Smarty.class.php)
06 Nov 01:27:51 | 2 repeats | System error: Smarty error: [in evaluated template line 5]: syntax error: unidentified token '{' (Smarty_Compiler.class.php, line 1421) on line# 1100 (file: /libs/smarty/Smarty.class.php)
06 Nov 01:27:51 | 2 repeats | System error: Smarty error: [in evaluated template line 5]: syntax error: unidentified token ';' (Smarty_Compiler.class.php, line 1421) on line# 1100 (file: /libs/smarty/Smarty.class.php)
06 Nov 01:27:51 | 1 repeats | System error: Smarty error: [in evaluated template line 9]: syntax error: unrecognized tag: clickmap:true,
        trackLinks:true,
        accurateTrackBounce:true,
        webvisor:true (Smarty_Compiler.class.php, line 451) on line# 1100 (file: /libs/smarty/Smarty.class.php)
06 Nov 01:27:51 | 2 repeats | System error: Smarty error: [in evaluated template line 9]: syntax error: unrecognized tag '' (Smarty_Compiler.class.php, line 595) on line# 1100 (file: /libs/smarty/Smarty.class.php)
06 Nov 01:27:51 | 2 repeats | System error: Smarty error: [in evaluated template line 12]: syntax error: unclosed tag \{if} (opened line 5). (Smarty_Compiler.class.php, line 314) on line# 1100 (file: /libs/smarty/Smarty.class.php)
06 Nov 01:29:00 | 9 repeats | Parse Error: syntax error, unexpected '<', expecting end of file on line# 1 (file: /tmp/compile/%%5A^5A1^5A16C323%%blocks_manager.tpl.php(59) : eval()'d code)
06 Nov 01:32:58 | 1 repeats | System error: Smarty error: [in /var/www/u2273289/data/www/heidenbauer.ru/templates/realty_map/tpl/footerScript.tpl line 148]: syntax error: unrecognized tag: m[i]=m[i]function(){(m[i].a=m[i].a[]).push(arguments) (Smarty_Compiler.class.php, line 451) on line# 1100 (file: /libs/smarty/Smarty.class.php)
06 Nov 01:32:58 | 1 repeats | System error: Smarty error: [in /var/www/u2273289/data/www/heidenbauer.ru/templates/realty_map/tpl/footerScript.tpl line 148]: syntax error: unrecognized tag '' (Smarty_Compiler.class.php, line 595) on line# 1100 (file: /libs/smarty/Smarty.class.php)
06 Nov 01:32:58 | 1 repeats | System error: Smarty error: [in /var/www/u2273289/data/www/heidenbauer.ru/templates/realty_map/tpl/footerScript.tpl line 150]: syntax error: unidentified token '.scripts[j].src' (Smarty_Compiler.class.php, line 1421) on line# 1100 (file: /libs/smarty/Smarty.class.php)
06 Nov 01:32:58 | 1 repeats | System error: Smarty error: [in /var/www/u2273289/data/www/heidenbauer.ru/templates/realty_map/tpl/footerScript.tpl line 150]: syntax error: unidentified token '{' (Smarty_Compiler.class.php, line 1421) on line# 1100 (file: /libs/smarty/Smarty.class.php)
06 Nov 01:32:58 | 1 repeats | System error: Smarty error: [in /var/www/u2273289/data/www/heidenbauer.ru/templates/realty_map/tpl/footerScript.tpl line 150]: syntax error: unidentified token ';' (Smarty_Compiler.class.php, line 1421) on line# 1100 (file: /libs/smarty/Smarty.class.php)
06 Nov 01:32:58 | 1 repeats | System error: Smarty error: [in /var/www/u2273289/data/www/heidenbauer.ru/templates/realty_map/tpl/footerScript.tpl line 154]: syntax error: unrecognized tag: clickmap:true,
        trackLinks:true,
        accurateTrackBounce:true,
        webvisor:true (Smarty_Compiler.class.php, line 451) on line# 1100 (file: /libs/smarty/Smarty.class.php)
06 Nov 01:32:58 | 1 repeats | System error: Smarty error: [in /var/www/u2273289/data/www/heidenbauer.ru/templates/realty_map/tpl/footerScript.tpl line 154]: syntax error: unrecognized tag '' (Smarty_Compiler.class.php, line 595) on line# 1100 (file: /libs/smarty/Smarty.class.php)
06 Nov 01:32:58 | 1 repeats | System error: Smarty error: [in /var/www/u2273289/data/www/heidenbauer.ru/templates/realty_map/tpl/footerScript.tpl line 157]: syntax error: unclosed tag \{if} (opened line 150). (Smarty_Compiler.class.php, line 314) on line# 1100 (file: /libs/smarty/Smarty.class.php)
06 Nov 01:33:24 | 1 repeats | System error: Smarty error: [in /var/www/u2273289/data/www/heidenbauer.ru/templates/realty_map/tpl/footerScript.tpl line 149]: syntax error: unrecognized tag: m[i]=m[i]function(){(m[i].a=m[i].a[]).push(arguments) (Smarty_Compiler.class.php, line 451) on line# 1100 (file: /libs/smarty/Smarty.class.php)
06 Nov 01:33:24 | 1 repeats | System error: Smarty error: [in /var/www/u2273289/data/www/heidenbauer.ru/templates/realty_map/tpl/footerScript.tpl line 149]: syntax error: unrecognized tag '' (Smarty_Compiler.class.php, line 595) on line# 1100 (file: /libs/smarty/Smarty.class.php)
06 Nov 01:33:24 | 1 repeats | System error: Smarty error: [in /var/www/u2273289/data/www/heidenbauer.ru/templates/realty_map/tpl/footerScript.tpl line 151]: syntax error: unidentified token '.scripts[j].src' (Smarty_Compiler.class.php, line 1421) on line# 1100 (file: /libs/smarty/Smarty.class.php)
06 Nov 01:33:24 | 1 repeats | System error: Smarty error: [in /var/www/u2273289/data/www/heidenbauer.ru/templates/realty_map/tpl/footerScript.tpl line 151]: syntax error: unidentified token '{' (Smarty_Compiler.class.php, line 1421) on line# 1100 (file: /libs/smarty/Smarty.class.php)
06 Nov 01:33:24 | 1 repeats | System error: Smarty error: [in /var/www/u2273289/data/www/heidenbauer.ru/templates/realty_map/tpl/footerScript.tpl line 151]: syntax error: unidentified token ';' (Smarty_Compiler.class.php, line 1421) on line# 1100 (file: /libs/smarty/Smarty.class.php)
06 Nov 01:33:24 | 1 repeats | System error: Smarty error: [in /var/www/u2273289/data/www/heidenbauer.ru/templates/realty_map/tpl/footerScript.tpl line 155]: syntax error: unrecognized tag: clickmap:true,
        trackLinks:true,
        accurateTrackBounce:true,
        webvisor:true (Smarty_Compiler.class.php, line 451) on line# 1100 (file: /libs/smarty/Smarty.class.php)
06 Nov 01:33:24 | 1 repeats | System error: Smarty error: [in /var/www/u2273289/data/www/heidenbauer.ru/templates/realty_map/tpl/footerScript.tpl line 155]: syntax error: unrecognized tag '' (Smarty_Compiler.class.php, line 595) on line# 1100 (file: /libs/smarty/Smarty.class.php)
06 Nov 01:33:24 | 1 repeats | System error: Smarty error: [in /var/www/u2273289/data/www/heidenbauer.ru/templates/realty_map/tpl/footerScript.tpl line 158]: syntax error: unclosed tag \{if} (opened line 151). (Smarty_Compiler.class.php, line 314) on line# 1100 (file: /libs/smarty/Smarty.class.php)
06 Nov 01:34:56 | 1 repeats | System error: Smarty error: [in /var/www/u2273289/data/www/heidenbauer.ru/templates/realty_map/tpl/footer.tpl line 27]: syntax error: unrecognized tag: m[i]=m[i]function(){(m[i].a=m[i].a[]).push(arguments) (Smarty_Compiler.class.php, line 451) on line# 1100 (file: /libs/smarty/Smarty.class.php)
06 Nov 01:34:56 | 1 repeats | System error: Smarty error: [in /var/www/u2273289/data/www/heidenbauer.ru/templates/realty_map/tpl/footer.tpl line 27]: syntax error: unrecognized tag '' (Smarty_Compiler.class.php, line 595) on line# 1100 (file: /libs/smarty/Smarty.class.php)
06 Nov 01:34:56 | 1 repeats | System error: Smarty error: [in /var/www/u2273289/data/www/heidenbauer.ru/templates/realty_map/tpl/footer.tpl line 29]: syntax error: unidentified token '.scripts[j].src' (Smarty_Compiler.class.php, line 1421) on line# 1100 (file: /libs/smarty/Smarty.class.php)
06 Nov 01:34:56 | 1 repeats | System error: Smarty error: [in /var/www/u2273289/data/www/heidenbauer.ru/templates/realty_map/tpl/footer.tpl line 29]: syntax error: unidentified token '{' (Smarty_Compiler.class.php, line 1421) on line# 1100 (file: /libs/smarty/Smarty.class.php)
06 Nov 01:34:56 | 1 repeats | System error: Smarty error: [in /var/www/u2273289/data/www/heidenbauer.ru/templates/realty_map/tpl/footer.tpl line 29]: syntax error: unidentified token ';' (Smarty_Compiler.class.php, line 1421) on line# 1100 (file: /libs/smarty/Smarty.class.php)
06 Nov 01:34:56 | 1 repeats | System error: Smarty error: [in /var/www/u2273289/data/www/heidenbauer.ru/templates/realty_map/tpl/footer.tpl line 33]: syntax error: unrecognized tag: clickmap:true,
        trackLinks:true,
        accurateTrackBounce:true,
        webvisor:true (Smarty_Compiler.class.php, line 451) on line# 1100 (file: /libs/smarty/Smarty.class.php)
06 Nov 01:34:56 | 1 repeats | System error: Smarty error: [in /var/www/u2273289/data/www/heidenbauer.ru/templates/realty_map/tpl/footer.tpl line 33]: syntax error: unrecognized tag '' (Smarty_Compiler.class.php, line 595) on line# 1100 (file: /libs/smarty/Smarty.class.php)
06 Nov 01:34:56 | 1 repeats | System error: Smarty error: [in /var/www/u2273289/data/www/heidenbauer.ru/templates/realty_map/tpl/footer.tpl line 36]: syntax error: unclosed tag \{if} (opened line 29). (Smarty_Compiler.class.php, line 314) on line# 1100 (file: /libs/smarty/Smarty.class.php)
06 Nov 01:35:48 | 1 repeats | System error: Smarty error: [in /var/www/u2273289/data/www/heidenbauer.ru/templates/realty_map/tpl/footer_data.tpl line 13]: syntax error: unrecognized tag: m[i]=m[i]function(){(m[i].a=m[i].a[]).push(arguments) (Smarty_Compiler.class.php, line 451) on line# 1100 (file: /libs/smarty/Smarty.class.php)
06 Nov 01:35:48 | 1 repeats | System error: Smarty error: [in /var/www/u2273289/data/www/heidenbauer.ru/templates/realty_map/tpl/footer_data.tpl line 13]: syntax error: unrecognized tag '' (Smarty_Compiler.class.php, line 595) on line# 1100 (file: /libs/smarty/Smarty.class.php)
06 Nov 01:35:48 | 1 repeats | System error: Smarty error: [in /var/www/u2273289/data/www/heidenbauer.ru/templates/realty_map/tpl/footer_data.tpl line 15]: syntax error: unidentified token '.scripts[j].src' (Smarty_Compiler.class.php, line 1421) on line# 1100 (file: /libs/smarty/Smarty.class.php)
06 Nov 01:35:48 | 1 repeats | System error: Smarty error: [in /var/www/u2273289/data/www/heidenbauer.ru/templates/realty_map/tpl/footer_data.tpl line 15]: syntax error: unidentified token '{' (Smarty_Compiler.class.php, line 1421) on line# 1100 (file: /libs/smarty/Smarty.class.php)
06 Nov 01:35:48 | 1 repeats | System error: Smarty error: [in /var/www/u2273289/data/www/heidenbauer.ru/templates/realty_map/tpl/footer_data.tpl line 15]: syntax error: unidentified token ';' (Smarty_Compiler.class.php, line 1421) on line# 1100 (file: /libs/smarty/Smarty.class.php)
06 Nov 01:35:48 | 1 repeats | System error: Smarty error: [in /var/www/u2273289/data/www/heidenbauer.ru/templates/realty_map/tpl/footer_data.tpl line 19]: syntax error: unrecognized tag: clickmap:true,
        trackLinks:true,
        accurateTrackBounce:true,
        webvisor:true (Smarty_Compiler.class.php, line 451) on line# 1100 (file: /libs/smarty/Smarty.class.php)
06 Nov 01:35:48 | 1 repeats | System error: Smarty error: [in /var/www/u2273289/data/www/heidenbauer.ru/templates/realty_map/tpl/footer_data.tpl line 19]: syntax error: unrecognized tag '' (Smarty_Compiler.class.php, line 595) on line# 1100 (file: /libs/smarty/Smarty.class.php)
06 Nov 01:35:48 | 1 repeats | System error: Smarty error: [in /var/www/u2273289/data/www/heidenbauer.ru/templates/realty_map/tpl/footer_data.tpl line 28]: syntax error: unclosed tag \{if} (opened line 15). (Smarty_Compiler.class.php, line 314) on line# 1100 (file: /libs/smarty/Smarty.class.php)
06 Nov 01:39:41 | 1 repeats | System error: Smarty error: [in /var/www/u2273289/data/www/heidenbauer.ru/templates/realty_map/tpl/footerScript.tpl line 147]: syntax error: unrecognized tag: m[i]=m[i]function(){(m[i].a=m[i].a[]).push(arguments) (Smarty_Compiler.class.php, line 451) on line# 1100 (file: /libs/smarty/Smarty.class.php)
06 Nov 01:39:41 | 1 repeats | System error: Smarty error: [in /var/www/u2273289/data/www/heidenbauer.ru/templates/realty_map/tpl/footerScript.tpl line 147]: syntax error: unrecognized tag '' (Smarty_Compiler.class.php, line 595) on line# 1100 (file: /libs/smarty/Smarty.class.php)
06 Nov 01:39:41 | 1 repeats | System error: Smarty error: [in /var/www/u2273289/data/www/heidenbauer.ru/templates/realty_map/tpl/footerScript.tpl line 149]: syntax error: unidentified token '.scripts[j].src' (Smarty_Compiler.class.php, line 1421) on line# 1100 (file: /libs/smarty/Smarty.class.php)
06 Nov 01:39:41 | 1 repeats | System error: Smarty error: [in /var/www/u2273289/data/www/heidenbauer.ru/templates/realty_map/tpl/footerScript.tpl line 149]: syntax error: unidentified token '{' (Smarty_Compiler.class.php, line 1421) on line# 1100 (file: /libs/smarty/Smarty.class.php)
06 Nov 01:39:41 | 1 repeats | System error: Smarty error: [in /var/www/u2273289/data/www/heidenbauer.ru/templates/realty_map/tpl/footerScript.tpl line 149]: syntax error: unidentified token ';' (Smarty_Compiler.class.php, line 1421) on line# 1100 (file: /libs/smarty/Smarty.class.php)
06 Nov 01:39:41 | 1 repeats | System error: Smarty error: [in /var/www/u2273289/data/www/heidenbauer.ru/templates/realty_map/tpl/footerScript.tpl line 153]: syntax error: unrecognized tag: clickmap:true,
        trackLinks:true,
        accurateTrackBounce:true,
        webvisor:true (Smarty_Compiler.class.php, line 451) on line# 1100 (file: /libs/smarty/Smarty.class.php)
06 Nov 01:39:41 | 1 repeats | System error: Smarty error: [in /var/www/u2273289/data/www/heidenbauer.ru/templates/realty_map/tpl/footerScript.tpl line 153]: syntax error: unrecognized tag '' (Smarty_Compiler.class.php, line 595) on line# 1100 (file: /libs/smarty/Smarty.class.php)
06 Nov 01:39:41 | 1 repeats | System error: Smarty error: [in /var/www/u2273289/data/www/heidenbauer.ru/templates/realty_map/tpl/footerScript.tpl line 156]: syntax error: unclosed tag \{if} (opened line 149). (Smarty_Compiler.class.php, line 314) on line# 1100 (file: /libs/smarty/Smarty.class.php)
06 Nov 01:57:55 | 1 repeats | System error: Smarty error: [in /var/www/u2273289/data/www/heidenbauer.ru/templates/realty_map/tpl/header.tpl line 39]: syntax error: unrecognized tag:  (Smarty_Compiler.class.php, line 451) on line# 1100 (file: /libs/smarty/Smarty.class.php)
06 Nov 01:57:55 | 1 repeats | System error: Smarty error: [in /var/www/u2273289/data/www/heidenbauer.ru/templates/realty_map/tpl/header.tpl line 39]: syntax error: unrecognized tag '' (Smarty_Compiler.class.php, line 595) on line# 1100 (file: /libs/smarty/Smarty.class.php)
18 Dec 12:58:42 | 1 repeats | System error: Smarty error: [in /var/www/u2273289/data/www/heidenbauer.ru/templates/realty_nova/tpl/footer_data.tpl line 13]: syntax error: unrecognized tag: clickmap:true,
        trackLinks:true,
        accurateTrackBounce:true,
        webvisor:true (Smarty_Compiler.class.php, line 451) on line# 1100 (file: /libs/smarty/Smarty.class.php)
18 Dec 12:58:53 | 2 repeats | System error: Smarty error: [in /var/www/u2273289/data/www/heidenbauer.ru/templates/realty_nova/tpl/footer_data.tpl line 7]: syntax error: unrecognized tag: m[i]=m[i]||function(){(m[i].a=m[i].a||[]).push(arguments) (Smarty_Compiler.class.php, line 451) on line# 1100 (file: /libs/smarty/Smarty.class.php)
18 Dec 12:58:53 | 2 repeats | System error: Smarty error: [in /var/www/u2273289/data/www/heidenbauer.ru/templates/realty_nova/tpl/footer_data.tpl line 7]: syntax error: unrecognized tag '' (Smarty_Compiler.class.php, line 595) on line# 1100 (file: /libs/smarty/Smarty.class.php)
18 Dec 12:58:53 | 2 repeats | System error: Smarty error: [in /var/www/u2273289/data/www/heidenbauer.ru/templates/realty_nova/tpl/footer_data.tpl line 9]: syntax error: unidentified token '.scripts[j].src' (Smarty_Compiler.class.php, line 1421) on line# 1100 (file: /libs/smarty/Smarty.class.php)
18 Dec 12:58:53 | 2 repeats | System error: Smarty error: [in /var/www/u2273289/data/www/heidenbauer.ru/templates/realty_nova/tpl/footer_data.tpl line 9]: syntax error: unidentified token '{' (Smarty_Compiler.class.php, line 1421) on line# 1100 (file: /libs/smarty/Smarty.class.php)
18 Dec 12:58:53 | 2 repeats | System error: Smarty error: [in /var/www/u2273289/data/www/heidenbauer.ru/templates/realty_nova/tpl/footer_data.tpl line 9]: syntax error: unidentified token ';' (Smarty_Compiler.class.php, line 1421) on line# 1100 (file: /libs/smarty/Smarty.class.php)
18 Dec 12:58:53 | 1 repeats | System error: Smarty error: [in /var/www/u2273289/data/www/heidenbauer.ru/templates/realty_nova/tpl/footer_data.tpl line 13]: syntax error: unrecognized tag: clickmap:true,
        trackLinks:true,
        accurateTrackBounce:true,
        webvisor:true (Smarty_Compiler.class.php, line 451) on line# 1100 (file: /libs/smarty/Smarty.class.php)
18 Dec 12:58:53 | 2 repeats | System error: Smarty error: [in /var/www/u2273289/data/www/heidenbauer.ru/templates/realty_nova/tpl/footer_data.tpl line 13]: syntax error: unrecognized tag '' (Smarty_Compiler.class.php, line 595) on line# 1100 (file: /libs/smarty/Smarty.class.php)
18 Dec 12:58:53 | 2 repeats | System error: Smarty error: [in /var/www/u2273289/data/www/heidenbauer.ru/templates/realty_nova/tpl/footer_data.tpl line 31]: syntax error: unclosed tag \{if} (opened line 9). (Smarty_Compiler.class.php, line 314) on line# 1100 (file: /libs/smarty/Smarty.class.php)
06 Jan 07:48:43 | 1 repeats | System error: Can not run mass action with listings (MySQL Fail). Action: approve on line# 221 (file: /includes/classes/admin/rlListingsAdmin.class.php)
06 Jan 07:48:43 | 1 repeats | DEBUG: Can not run mass action with listings (MySQL Fail). Action: approve on line# 222 (file: /includes/classes/admin/rlListingsAdmin.class.php)
04 Sep 03:35:05 | 3 repeats | System error: Can not run mass action with listings (MySQL Fail). Action: activate on line# 221 (file: /includes/classes/admin/rlListingsAdmin.class.php)
04 Sep 03:35:05 | 3 repeats | DEBUG: Can not run mass action with listings (MySQL Fail). Action: activate on line# 222 (file: /includes/classes/admin/rlListingsAdmin.class.php)
07 Sep 02:16:22 | 39 repeats | DEBUG: There are not fields related to '' category. on line# 745 (file: /includes/classes/AddListing.php)
10 Sep 01:53:30 | 2 repeats | DEBUG: autoPoster - Telegram API Exception: Unable to remove message, Bad Request: message to delete not found on line# 157 (file: /plugins/autoPoster/src/Notifier.php)
10 Sep 02:20:32 | 5 repeats | Parse Error: syntax error, unexpected integer "333", expecting "]" on line# 124 (file: /plugins/autoPoster/src/Providers/Telegram/Telegram.php)
10 Sep 02:39:09 | 1 repeats | Parse Error: syntax error, unexpected token "try" on line# 126 (file: /plugins/autoPoster/src/Providers/Telegram/Telegram.php)
10 Sep 02:48:07 | 3 repeats | Parse Error: syntax error, unexpected token "public", expecting end of file on line# 108 (file: /plugins/autoPoster/src/Providers/Telegram/Telegram.php)
10 Sep 02:51:10 | 6 repeats | Parse Error: syntax error, unexpected variable "$link" on line# 124 (file: /plugins/autoPoster/src/Providers/Telegram/Telegram.php)
11 Sep 08:25:09 | 11 repeats | DEBUG: autoPoster - Telegram API Exception: no message pattern build for listing category (other-services: Другие услуги) or it's parent. on line# 157 (file: /plugins/autoPoster/src/Notifier.php)
